<?xml version="1.0" encoding="UTF-8"?>
<!-- Generated by org.testng.reporters.JUnitXMLReporter -->
<testsuite ignored="0" hostname="LAPTOP-F7KN2NF0" failures="0" tests="9" name="Test" time="141.7" errors="0" timestamp="2023-09-28T22:22:06 IST">
  <testcase classname="testNG.A" name="xyz" time="0.007"/>
  <testcase classname="testNG.ClickAcademyHW" name="ac" time="0.317"/>
  <testcase classname="testNG.B" name="M1" time="0.002"/>
  <testcase classname="testNG.WindowHandles" name="windowH" time="67.101"/>
  <testcase classname="testNG.C" name="scrollDownOperation" time="10.508"/>
  <testcase classname="testNG.Priority" name="launchUrl" time="0.001"/>
  <testcase classname="testNG.Priority" name="verifyLogin" time="0.001"/>
  <testcase classname="testNG.Priority" name="close" time="0.005"/>
  <testcase classname="testNG.HandlingTab" name="tabhandle" time="22.983"/>
</testsuite> <!-- Test -->
