<?xml version="1.0" encoding="UTF-8"?>
<testng-results ignored="0" total="9" passed="9" failed="0" skipped="0">
  <reporter-output>
  </reporter-output>
  <suite started-at="2023-09-28T22:19:45 IST" name="Suite" finished-at="2023-09-28T22:22:06 IST" duration-ms="141700">
    <groups>
    </groups>
    <test started-at="2023-09-28T22:19:45 IST" name="Test" finished-at="2023-09-28T22:22:06 IST" duration-ms="141700">
      <class name="testNG.C">
        <test-method is-config="true" signature="launchUrl()[pri:0, instance:testNG.C@2f4948e4]" started-at="2023-09-28T22:21:06 IST" name="launchUrl" finished-at="2023-09-28T22:21:32 IST" duration-ms="26594" status="PASS">
          <reporter-output>
          </reporter-output>
        </test-method> <!-- launchUrl -->
        <test-method signature="scrollDownOperation()[pri:0, instance:testNG.C@2f4948e4]" started-at="2023-09-28T22:21:32 IST" name="scrollDownOperation" finished-at="2023-09-28T22:21:43 IST" duration-ms="10508" status="PASS">
          <reporter-output>
          </reporter-output>
        </test-method> <!-- scrollDownOperation -->
        <test-method is-config="true" signature="closeUrl()[pri:0, instance:testNG.C@2f4948e4]" started-at="2023-09-28T22:21:43 IST" name="closeUrl" finished-at="2023-09-28T22:21:43 IST" duration-ms="352" status="PASS">
          <reporter-output>
          </reporter-output>
        </test-method> <!-- closeUrl -->
      </class> <!-- testNG.C -->
      <class name="testNG.WindowHandles">
        <test-method signature="windowH()[pri:0, instance:testNG.WindowHandles@6a78afa0]" started-at="2023-09-28T22:19:59 IST" name="windowH" finished-at="2023-09-28T22:21:06 IST" duration-ms="67101" status="PASS">
          <reporter-output>
          </reporter-output>
        </test-method> <!-- windowH -->
      </class> <!-- testNG.WindowHandles -->
      <class name="testNG.Priority">
        <test-method signature="launchUrl()[pri:120, instance:testNG.Priority@1f2586d6]" started-at="2023-09-28T22:21:43 IST" name="launchUrl" finished-at="2023-09-28T22:21:43 IST" duration-ms="1" status="PASS">
          <reporter-output>
          </reporter-output>
        </test-method> <!-- launchUrl -->
        <test-method signature="verifyLogin()[pri:121, instance:testNG.Priority@1f2586d6]" started-at="2023-09-28T22:21:43 IST" name="verifyLogin" finished-at="2023-09-28T22:21:43 IST" duration-ms="1" status="PASS">
          <reporter-output>
          </reporter-output>
        </test-method> <!-- verifyLogin -->
        <test-method signature="close()[pri:122, instance:testNG.Priority@1f2586d6]" started-at="2023-09-28T22:21:43 IST" name="close" finished-at="2023-09-28T22:21:43 IST" duration-ms="5" status="PASS">
          <reporter-output>
          </reporter-output>
        </test-method> <!-- close -->
      </class> <!-- testNG.Priority -->
      <class name="testNG.HandlingTab">
        <test-method signature="tabhandle()[pri:0, instance:testNG.HandlingTab@10683d9d]" started-at="2023-09-28T22:21:43 IST" name="tabhandle" finished-at="2023-09-28T22:22:06 IST" duration-ms="22983" status="PASS">
          <reporter-output>
          </reporter-output>
        </test-method> <!-- tabhandle -->
      </class> <!-- testNG.HandlingTab -->
      <class name="testNG.A">
        <test-method is-config="true" signature="pqr()[pri:0, instance:testNG.A@1165b38]" started-at="2023-09-28T22:19:45 IST" name="pqr" finished-at="2023-09-28T22:19:45 IST" duration-ms="22" status="PASS">
          <reporter-output>
          </reporter-output>
        </test-method> <!-- pqr -->
        <test-method signature="xyz()[pri:0, instance:testNG.A@1165b38]" started-at="2023-09-28T22:19:45 IST" name="xyz" finished-at="2023-09-28T22:19:45 IST" duration-ms="7" status="PASS">
          <reporter-output>
          </reporter-output>
        </test-method> <!-- xyz -->
        <test-method is-config="true" signature="abc()[pri:0, instance:testNG.A@1165b38]" started-at="2023-09-28T22:19:45 IST" name="abc" finished-at="2023-09-28T22:19:45 IST" duration-ms="0" status="PASS">
          <reporter-output>
          </reporter-output>
        </test-method> <!-- abc -->
      </class> <!-- testNG.A -->
      <class name="testNG.B">
        <test-method is-config="true" signature="bm()[pri:0, instance:testNG.B@dd05255]" started-at="2023-09-28T22:19:59 IST" name="bm" finished-at="2023-09-28T22:19:59 IST" duration-ms="1" status="PASS">
          <reporter-output>
          </reporter-output>
        </test-method> <!-- bm -->
        <test-method signature="M1()[pri:0, instance:testNG.B@dd05255]" started-at="2023-09-28T22:19:59 IST" name="M1" finished-at="2023-09-28T22:19:59 IST" duration-ms="2" status="PASS">
          <reporter-output>
          </reporter-output>
        </test-method> <!-- M1 -->
        <test-method is-config="true" signature="am()[pri:0, instance:testNG.B@dd05255]" started-at="2023-09-28T22:19:59 IST" name="am" finished-at="2023-09-28T22:19:59 IST" duration-ms="2" status="PASS">
          <reporter-output>
          </reporter-output>
        </test-method> <!-- am -->
      </class> <!-- testNG.B -->
      <class name="testNG.ClickAcademyHW">
        <test-method is-config="true" signature="bc()[pri:0, instance:testNG.ClickAcademyHW@7e6f74c]" started-at="2023-09-28T22:19:45 IST" name="bc" finished-at="2023-09-28T22:19:58 IST" duration-ms="13520" status="PASS">
          <reporter-output>
          </reporter-output>
        </test-method> <!-- bc -->
        <test-method signature="ac()[pri:0, instance:testNG.ClickAcademyHW@7e6f74c]" started-at="2023-09-28T22:19:58 IST" name="ac" finished-at="2023-09-28T22:19:58 IST" duration-ms="317" status="PASS">
          <reporter-output>
          </reporter-output>
        </test-method> <!-- ac -->
        <test-method is-config="true" signature="am()[pri:0, instance:testNG.ClickAcademyHW@7e6f74c]" started-at="2023-09-28T22:19:58 IST" name="am" finished-at="2023-09-28T22:19:59 IST" duration-ms="194" status="PASS">
          <reporter-output>
          </reporter-output>
        </test-method> <!-- am -->
      </class> <!-- testNG.ClickAcademyHW -->
    </test> <!-- Test -->
  </suite> <!-- Suite -->
</testng-results>
